=============================================================================
>>> Start Simulation
1.256637061435917e-06 - mu 
1.933287786824488e-01 - D_J 
2.500000000000000e-09 - latt 
5.685802301834038e-09 - exlen 
9.999999555228276e-03 - delta_tau 
9.181714285714283e+11 - omega 
1.765714285714286e+11 - gyro
2.000000000000000e-02 - alpha
0.000000000000000e+00 - lamb
0.000000000000000e+00 0.000000000000000e+00 - D1 D2
 8.117558320573846e-01 - fluctu

next multiple of 256 is 10240!

 system boundaries: x_min = -99.500000, x_max = 99.500000

Size of neighbor list:39500 


>>> Ta-daaa! Simulation finished at:
>>> Total Time Elapsed (s) 19202.9491580000
>>> Real Time Elapsed (ns)  1.0237739151
=========================================================================
=============================================================================
>>> Start Simulation
1.256637061435917e-06 - mu 
1.933287786824488e-01 - D_J 
2.500000000000000e-09 - latt 
5.685802301834038e-09 - exlen 
9.999999555228276e-03 - delta_tau 
9.181714285714283e+11 - omega 
1.765714285714286e+11 - gyro
3.000000000000000e-01 - alpha
0.000000000000000e+00 - lamb
0.000000000000000e+00 0.000000000000000e+00 - D1 D2
 7.776765617934426e-01 - fluctu

next multiple of 256 is 10240!

 system boundaries: x_min = -99.500000, x_max = 99.500000

Size of neighbor list:39500 


>>> Ta-daaa! Simulation finished at:
>>> Total Time Elapsed (s) 19357.4095790000
>>> Real Time Elapsed (ns)  1.0237739151
=========================================================================
